<?xml version="1.0" encoding="UTF-8"?>
<!-- Generated by org.testng.reporters.JUnitReportReporter -->
<testsuite hostname="htsr-spare-7480-WVF2" failures="0" tests="2" name="qaclickacademy.SeleniumTest" time="0.018" errors="0" timestamp="2023-06-22T16:52:53 MST" skipped="0">
  <testcase classname="qaclickacademy.SeleniumTest" name="elementsUi" time="0.002"/>
  <system-out/>
  <testcase classname="qaclickacademy.SeleniumTest" name="BrowserAutomation" time="0.016"/>
  <system-out/>
</testsuite> <!-- qaclickacademy.SeleniumTest -->
