<?xml version="1.0" encoding="UTF-8"?>
<!-- Generated by org.testng.reporters.JUnitReportReporter -->
<testsuite hostname="htsr-spare-7480-WVF2" failures="0" tests="2" name="qaclickacademy.AppiumTest" time="0.009" errors="0" timestamp="2023-06-22T17:11:02 MST" skipped="0">
  <testcase classname="qaclickacademy.AppiumTest" name="NativeApppAndroid" time="0.002"/>
  <testcase classname="qaclickacademy.AppiumTest" name="IOSApps" time="0.007"/>
</testsuite> <!-- qaclickacademy.AppiumTest -->
